#! /usr/bin/vvp
:ivl_version "12.0 (stable)" "(v12_0-dirty)";
:ivl_delay_selection "TYPICAL";
:vpi_time_precision - 12;
:vpi_module "/usr/lib/ivl/system.vpi";
:vpi_module "/usr/lib/ivl/vhdl_sys.vpi";
:vpi_module "/usr/lib/ivl/vhdl_textio.vpi";
:vpi_module "/usr/lib/ivl/v2005_math.vpi";
:vpi_module "/usr/lib/ivl/va_math.vpi";
S_0x5ee25e9eae00 .scope module, "testbench_comparison" "testbench_comparison" 2 47;
 .timescale -9 -12;
v0x5ee25ea3a1c0_0 .var "clk", 0 0;
v0x5ee25ea3a280_0 .var/i "i", 31 0;
v0x5ee25ea3a360_0 .var "input_vector", 185 0;
v0x5ee25ea3a400_0 .var/i "j", 31 0;
v0x5ee25ea3a4e0_0 .var/i "k", 31 0;
v0x5ee25ea3a610_0 .var/i "l", 31 0;
v0x5ee25ea3a6f0_0 .var/i "m", 31 0;
v0x5ee25ea3a7d0_0 .var/i "mismatch_count", 31 0;
v0x5ee25ea3a8b0_0 .var/i "n", 31 0;
v0x5ee25ea3a990_0 .net "output_v1", 2 0, L_0x5ee25ea3eca0;  1 drivers
v0x5ee25ea3aa50_0 .net "output_v2", 2 0, L_0x5ee25ea409a0;  1 drivers
v0x5ee25ea3aaf0_0 .var/i "test_count", 31 0;
S_0x5ee25ea0e1f0 .scope begin, "$ivl_for_loop0" "$ivl_for_loop0" 2 85, 2 85 0, S_0x5ee25e9eae00;
 .timescale -9 -12;
v0x5ee25ea0cb70_0 .var/i "o", 31 0;
S_0x5ee25ea34390 .scope module, "uut1" "class0_tree1_v1" 2 59, 2 4 0, S_0x5ee25e9eae00;
 .timescale -9 -12;
    .port_info 0 /INPUT 186 "i";
    .port_info 1 /OUTPUT 3 "o";
L_0x5ee25ea10f40 .functor AND 1, L_0x5ee25ea3abb0, L_0x5ee25ea3ac50, C4<1>, C4<1>;
L_0x5ee25ea11190 .functor AND 1, L_0x5ee25ea10f40, L_0x5ee25ea3ad80, C4<1>, C4<1>;
L_0x5ee25ea11200 .functor NOT 1, L_0x5ee25ea3af90, C4<0>, C4<0>, C4<0>;
L_0x5ee25ea3b080 .functor AND 1, L_0x5ee25ea3aec0, L_0x5ee25ea11200, C4<1>, C4<1>;
L_0x5ee25ea3b2a0 .functor AND 1, L_0x5ee25ea3b080, L_0x5ee25ea3b1c0, C4<1>, C4<1>;
L_0x5ee25ea3b540 .functor NOT 1, L_0x5ee25ea3b450, C4<0>, C4<0>, C4<0>;
L_0x5ee25ea3b640 .functor AND 1, L_0x5ee25ea3b3b0, L_0x5ee25ea3b540, C4<1>, C4<1>;
L_0x5ee25ea3b7f0 .functor NOT 1, L_0x5ee25ea3b750, C4<0>, C4<0>, C4<0>;
L_0x5ee25ea3b900 .functor AND 1, L_0x5ee25ea3b640, L_0x5ee25ea3b7f0, C4<1>, C4<1>;
L_0x5ee25ea3bb10 .functor NOT 1, L_0x5ee25ea3ba10, C4<0>, C4<0>, C4<0>;
L_0x5ee25ea3bc80 .functor NOT 1, L_0x5ee25ea3bbe0, C4<0>, C4<0>, C4<0>;
L_0x5ee25ea3bcf0 .functor AND 1, L_0x5ee25ea3bb10, L_0x5ee25ea3bc80, C4<1>, C4<1>;
L_0x5ee25ea3bf80 .functor AND 1, L_0x5ee25ea3bcf0, L_0x5ee25ea3be70, C4<1>, C4<1>;
L_0x5ee25ea3c090 .functor OR 1, L_0x5ee25ea11190, L_0x5ee25ea3b2a0, C4<0>, C4<0>;
L_0x5ee25ea3be00 .functor OR 1, L_0x5ee25ea3c090, L_0x5ee25ea3b900, C4<0>, C4<0>;
L_0x5ee25ea3c2c0 .functor OR 1, L_0x5ee25ea3be00, L_0x5ee25ea3bf80, C4<0>, C4<0>;
L_0x5ee25ea3c500 .functor NOT 1, L_0x5ee25ea3c460, C4<0>, C4<0>, C4<0>;
L_0x5ee25ea3bf10 .functor NOT 1, L_0x5ee25ea3c5c0, C4<0>, C4<0>, C4<0>;
L_0x5ee25ea3c7d0 .functor AND 1, L_0x5ee25ea3c500, L_0x5ee25ea3bf10, C4<1>, C4<1>;
L_0x5ee25ea3c980 .functor NOT 1, L_0x5ee25ea3c8e0, C4<0>, C4<0>, C4<0>;
L_0x5ee25ea3caf0 .functor AND 1, L_0x5ee25ea3c7d0, L_0x5ee25ea3c980, C4<1>, C4<1>;
L_0x5ee25ea3cc00 .functor BUFZ 1, L_0x5ee25ea3caf0, C4<0>, C4<0>, C4<0>;
L_0x5ee25ea3ceb0 .functor AND 1, L_0x5ee25ea3c730, L_0x5ee25ea3ce10, C4<1>, C4<1>;
L_0x5ee25ea3d100 .functor NOT 1, L_0x5ee25ea3cfc0, C4<0>, C4<0>, C4<0>;
L_0x5ee25ea3d290 .functor AND 1, L_0x5ee25ea3ceb0, L_0x5ee25ea3d100, C4<1>, C4<1>;
L_0x5ee25ea3d440 .functor NOT 1, L_0x5ee25ea3d3a0, C4<0>, C4<0>, C4<0>;
L_0x5ee25ea3d730 .functor AND 1, L_0x5ee25ea3d440, L_0x5ee25ea3d5e0, C4<1>, C4<1>;
L_0x5ee25ea3d840 .functor AND 1, L_0x5ee25ea3d730, L_0x5ee25ea3d060, C4<1>, C4<1>;
L_0x5ee25ea3da40 .functor OR 1, L_0x5ee25ea3d290, L_0x5ee25ea3d840, C4<0>, C4<0>;
L_0x5ee25ea3dcb0 .functor NOT 1, L_0x5ee25ea3db50, C4<0>, C4<0>, C4<0>;
L_0x5ee25ea3df10 .functor AND 1, L_0x5ee25ea3dcb0, L_0x5ee25ea3de70, C4<1>, C4<1>;
L_0x5ee25ea3e190 .functor NOT 1, L_0x5ee25ea3e020, C4<0>, C4<0>, C4<0>;
L_0x5ee25ea3e360 .functor AND 1, L_0x5ee25ea3df10, L_0x5ee25ea3e190, C4<1>, C4<1>;
L_0x5ee25ea3e470 .functor BUFZ 1, L_0x5ee25ea3e360, C4<0>, C4<0>, C4<0>;
v0x5ee25ea34590_0 .net *"_ivl_1", 0 0, L_0x5ee25ea3abb0;  1 drivers
v0x5ee25ea34690_0 .net *"_ivl_101", 0 0, L_0x5ee25ea3db50;  1 drivers
v0x5ee25ea34770_0 .net *"_ivl_102", 0 0, L_0x5ee25ea3dcb0;  1 drivers
v0x5ee25ea34830_0 .net *"_ivl_105", 0 0, L_0x5ee25ea3de70;  1 drivers
v0x5ee25ea34910_0 .net *"_ivl_106", 0 0, L_0x5ee25ea3df10;  1 drivers
v0x5ee25ea34a40_0 .net *"_ivl_109", 0 0, L_0x5ee25ea3e020;  1 drivers
v0x5ee25ea34b20_0 .net *"_ivl_11", 0 0, L_0x5ee25ea3aec0;  1 drivers
v0x5ee25ea34c00_0 .net *"_ivl_110", 0 0, L_0x5ee25ea3e190;  1 drivers
L_0x73844dc71018 .functor BUFT 1, C4<0000>, C4<0>, C4<0>, C4<0>;
v0x5ee25ea34ce0_0 .net/2s *"_ivl_116", 3 0, L_0x73844dc71018;  1 drivers
L_0x73844dc71060 .functor BUFT 1, C4<0001>, C4<0>, C4<0>, C4<0>;
v0x5ee25ea34dc0_0 .net/2s *"_ivl_118", 3 0, L_0x73844dc71060;  1 drivers
L_0x73844dc710a8 .functor BUFT 1, C4<0010>, C4<0>, C4<0>, C4<0>;
v0x5ee25ea34ea0_0 .net/2s *"_ivl_120", 3 0, L_0x73844dc710a8;  1 drivers
L_0x73844dc710f0 .functor BUFT 1, C4<0101>, C4<0>, C4<0>, C4<0>;
v0x5ee25ea34f80_0 .net/2s *"_ivl_122", 3 0, L_0x73844dc710f0;  1 drivers
v0x5ee25ea35060_0 .net *"_ivl_124", 3 0, L_0x5ee25ea3e6e0;  1 drivers
v0x5ee25ea35140_0 .net *"_ivl_126", 3 0, L_0x5ee25ea3e8a0;  1 drivers
v0x5ee25ea35220_0 .net *"_ivl_128", 3 0, L_0x5ee25ea3eb10;  1 drivers
v0x5ee25ea35300_0 .net *"_ivl_13", 0 0, L_0x5ee25ea3af90;  1 drivers
v0x5ee25ea353e0_0 .net *"_ivl_14", 0 0, L_0x5ee25ea11200;  1 drivers
v0x5ee25ea354c0_0 .net *"_ivl_16", 0 0, L_0x5ee25ea3b080;  1 drivers
v0x5ee25ea355a0_0 .net *"_ivl_19", 0 0, L_0x5ee25ea3b1c0;  1 drivers
v0x5ee25ea35680_0 .net *"_ivl_23", 0 0, L_0x5ee25ea3b3b0;  1 drivers
v0x5ee25ea35760_0 .net *"_ivl_25", 0 0, L_0x5ee25ea3b450;  1 drivers
v0x5ee25ea35840_0 .net *"_ivl_26", 0 0, L_0x5ee25ea3b540;  1 drivers
v0x5ee25ea35920_0 .net *"_ivl_28", 0 0, L_0x5ee25ea3b640;  1 drivers
v0x5ee25ea35a00_0 .net *"_ivl_3", 0 0, L_0x5ee25ea3ac50;  1 drivers
v0x5ee25ea35ae0_0 .net *"_ivl_31", 0 0, L_0x5ee25ea3b750;  1 drivers
v0x5ee25ea35bc0_0 .net *"_ivl_32", 0 0, L_0x5ee25ea3b7f0;  1 drivers
v0x5ee25ea35ca0_0 .net *"_ivl_37", 0 0, L_0x5ee25ea3ba10;  1 drivers
v0x5ee25ea35d80_0 .net *"_ivl_38", 0 0, L_0x5ee25ea3bb10;  1 drivers
v0x5ee25ea35e60_0 .net *"_ivl_4", 0 0, L_0x5ee25ea10f40;  1 drivers
v0x5ee25ea35f40_0 .net *"_ivl_41", 0 0, L_0x5ee25ea3bbe0;  1 drivers
v0x5ee25ea36020_0 .net *"_ivl_42", 0 0, L_0x5ee25ea3bc80;  1 drivers
v0x5ee25ea36100_0 .net *"_ivl_44", 0 0, L_0x5ee25ea3bcf0;  1 drivers
v0x5ee25ea361e0_0 .net *"_ivl_47", 0 0, L_0x5ee25ea3be70;  1 drivers
v0x5ee25ea364d0_0 .net *"_ivl_50", 0 0, L_0x5ee25ea3c090;  1 drivers
v0x5ee25ea365b0_0 .net *"_ivl_52", 0 0, L_0x5ee25ea3be00;  1 drivers
v0x5ee25ea36690_0 .net *"_ivl_57", 0 0, L_0x5ee25ea3c460;  1 drivers
v0x5ee25ea36770_0 .net *"_ivl_58", 0 0, L_0x5ee25ea3c500;  1 drivers
v0x5ee25ea36850_0 .net *"_ivl_61", 0 0, L_0x5ee25ea3c5c0;  1 drivers
v0x5ee25ea36930_0 .net *"_ivl_62", 0 0, L_0x5ee25ea3bf10;  1 drivers
v0x5ee25ea36a10_0 .net *"_ivl_64", 0 0, L_0x5ee25ea3c7d0;  1 drivers
v0x5ee25ea36af0_0 .net *"_ivl_67", 0 0, L_0x5ee25ea3c8e0;  1 drivers
v0x5ee25ea36bd0_0 .net *"_ivl_68", 0 0, L_0x5ee25ea3c980;  1 drivers
v0x5ee25ea36cb0_0 .net *"_ivl_7", 0 0, L_0x5ee25ea3ad80;  1 drivers
v0x5ee25ea36d90_0 .net *"_ivl_75", 0 0, L_0x5ee25ea3c730;  1 drivers
v0x5ee25ea36e70_0 .net *"_ivl_77", 0 0, L_0x5ee25ea3ce10;  1 drivers
v0x5ee25ea36f50_0 .net *"_ivl_78", 0 0, L_0x5ee25ea3ceb0;  1 drivers
v0x5ee25ea37030_0 .net *"_ivl_81", 0 0, L_0x5ee25ea3cfc0;  1 drivers
v0x5ee25ea37110_0 .net *"_ivl_82", 0 0, L_0x5ee25ea3d100;  1 drivers
v0x5ee25ea371f0_0 .net *"_ivl_87", 0 0, L_0x5ee25ea3d3a0;  1 drivers
v0x5ee25ea372d0_0 .net *"_ivl_88", 0 0, L_0x5ee25ea3d440;  1 drivers
v0x5ee25ea373b0_0 .net *"_ivl_91", 0 0, L_0x5ee25ea3d5e0;  1 drivers
v0x5ee25ea37490_0 .net *"_ivl_92", 0 0, L_0x5ee25ea3d730;  1 drivers
v0x5ee25ea37570_0 .net *"_ivl_95", 0 0, L_0x5ee25ea3d060;  1 drivers
v0x5ee25ea37650_0 .net "i", 185 0, v0x5ee25ea3a360_0;  1 drivers
v0x5ee25ea37730_0 .net "new_0", 0 0, L_0x5ee25ea3c2c0;  1 drivers
v0x5ee25ea377f0_0 .net "new_0_0", 0 0, L_0x5ee25ea11190;  1 drivers
v0x5ee25ea378b0_0 .net "new_0_1", 0 0, L_0x5ee25ea3b2a0;  1 drivers
v0x5ee25ea37970_0 .net "new_0_2", 0 0, L_0x5ee25ea3b900;  1 drivers
v0x5ee25ea37a30_0 .net "new_0_3", 0 0, L_0x5ee25ea3bf80;  1 drivers
v0x5ee25ea37af0_0 .net "new_1", 0 0, L_0x5ee25ea3cc00;  1 drivers
v0x5ee25ea37bb0_0 .net "new_1_0", 0 0, L_0x5ee25ea3caf0;  1 drivers
v0x5ee25ea37c70_0 .net "new_2", 0 0, L_0x5ee25ea3da40;  1 drivers
v0x5ee25ea37d30_0 .net "new_2_0", 0 0, L_0x5ee25ea3d290;  1 drivers
v0x5ee25ea37df0_0 .net "new_2_1", 0 0, L_0x5ee25ea3d840;  1 drivers
v0x5ee25ea37eb0_0 .net "new_5", 0 0, L_0x5ee25ea3e470;  1 drivers
v0x5ee25ea38380_0 .net "new_5_0", 0 0, L_0x5ee25ea3e360;  1 drivers
v0x5ee25ea38440_0 .net "o", 2 0, L_0x5ee25ea3eca0;  alias, 1 drivers
L_0x5ee25ea3abb0 .part v0x5ee25ea3a360_0, 86, 1;
L_0x5ee25ea3ac50 .part v0x5ee25ea3a360_0, 108, 1;
L_0x5ee25ea3ad80 .part v0x5ee25ea3a360_0, 139, 1;
L_0x5ee25ea3aec0 .part v0x5ee25ea3a360_0, 86, 1;
L_0x5ee25ea3af90 .part v0x5ee25ea3a360_0, 108, 1;
L_0x5ee25ea3b1c0 .part v0x5ee25ea3a360_0, 141, 1;
L_0x5ee25ea3b3b0 .part v0x5ee25ea3a360_0, 86, 1;
L_0x5ee25ea3b450 .part v0x5ee25ea3a360_0, 108, 1;
L_0x5ee25ea3b750 .part v0x5ee25ea3a360_0, 141, 1;
L_0x5ee25ea3ba10 .part v0x5ee25ea3a360_0, 86, 1;
L_0x5ee25ea3bbe0 .part v0x5ee25ea3a360_0, 116, 1;
L_0x5ee25ea3be70 .part v0x5ee25ea3a360_0, 59, 1;
L_0x5ee25ea3c460 .part v0x5ee25ea3a360_0, 86, 1;
L_0x5ee25ea3c5c0 .part v0x5ee25ea3a360_0, 116, 1;
L_0x5ee25ea3c8e0 .part v0x5ee25ea3a360_0, 59, 1;
L_0x5ee25ea3c730 .part v0x5ee25ea3a360_0, 86, 1;
L_0x5ee25ea3ce10 .part v0x5ee25ea3a360_0, 108, 1;
L_0x5ee25ea3cfc0 .part v0x5ee25ea3a360_0, 139, 1;
L_0x5ee25ea3d3a0 .part v0x5ee25ea3a360_0, 86, 1;
L_0x5ee25ea3d5e0 .part v0x5ee25ea3a360_0, 116, 1;
L_0x5ee25ea3d060 .part v0x5ee25ea3a360_0, 155, 1;
L_0x5ee25ea3db50 .part v0x5ee25ea3a360_0, 86, 1;
L_0x5ee25ea3de70 .part v0x5ee25ea3a360_0, 116, 1;
L_0x5ee25ea3e020 .part v0x5ee25ea3a360_0, 155, 1;
L_0x5ee25ea3e6e0 .functor MUXZ 4, L_0x73844dc710f0, L_0x73844dc710a8, L_0x5ee25ea3da40, C4<>;
L_0x5ee25ea3e8a0 .functor MUXZ 4, L_0x5ee25ea3e6e0, L_0x73844dc71060, L_0x5ee25ea3cc00, C4<>;
L_0x5ee25ea3eb10 .functor MUXZ 4, L_0x5ee25ea3e8a0, L_0x73844dc71018, L_0x5ee25ea3c2c0, C4<>;
L_0x5ee25ea3eca0 .part L_0x5ee25ea3eb10, 0, 3;
S_0x5ee25ea38580 .scope module, "uut2" "class0_tree1_v2" 2 64, 2 27 0, S_0x5ee25e9eae00;
 .timescale -9 -12;
    .port_info 0 /INPUT 186 "i";
    .port_info 1 /OUTPUT 3 "o";
v0x5ee25ea38710_0 .net *"_ivl_1", 0 0, L_0x5ee25ea3eed0;  1 drivers
v0x5ee25ea387f0_0 .net *"_ivl_11", 0 0, L_0x5ee25ea3f240;  1 drivers
L_0x73844dc711c8 .functor BUFT 1, C4<010>, C4<0>, C4<0>, C4<0>;
v0x5ee25ea388d0_0 .net/2u *"_ivl_12", 2 0, L_0x73844dc711c8;  1 drivers
L_0x73844dc71210 .functor BUFT 1, C4<101>, C4<0>, C4<0>, C4<0>;
v0x5ee25ea38990_0 .net/2u *"_ivl_14", 2 0, L_0x73844dc71210;  1 drivers
v0x5ee25ea38a70_0 .net *"_ivl_16", 2 0, L_0x5ee25ea3f2e0;  1 drivers
L_0x73844dc71138 .functor BUFT 1, C4<000>, C4<0>, C4<0>, C4<0>;
v0x5ee25ea38ba0_0 .net/2u *"_ivl_2", 2 0, L_0x73844dc71138;  1 drivers
v0x5ee25ea38c80_0 .net *"_ivl_21", 0 0, L_0x5ee25ea3f5a0;  1 drivers
L_0x73844dc71258 .functor BUFT 1, C4<000>, C4<0>, C4<0>, C4<0>;
v0x5ee25ea38d60_0 .net/2u *"_ivl_22", 2 0, L_0x73844dc71258;  1 drivers
L_0x73844dc712a0 .functor BUFT 1, C4<000>, C4<0>, C4<0>, C4<0>;
v0x5ee25ea38e40_0 .net/2u *"_ivl_24", 2 0, L_0x73844dc712a0;  1 drivers
v0x5ee25ea38f20_0 .net *"_ivl_26", 2 0, L_0x5ee25ea3f640;  1 drivers
v0x5ee25ea39000_0 .net *"_ivl_31", 0 0, L_0x5ee25ea3f8c0;  1 drivers
L_0x73844dc712e8 .functor BUFT 1, C4<000>, C4<0>, C4<0>, C4<0>;
v0x5ee25ea390e0_0 .net/2u *"_ivl_32", 2 0, L_0x73844dc712e8;  1 drivers
L_0x73844dc71330 .functor BUFT 1, C4<010>, C4<0>, C4<0>, C4<0>;
v0x5ee25ea391c0_0 .net/2u *"_ivl_34", 2 0, L_0x73844dc71330;  1 drivers
v0x5ee25ea392a0_0 .net *"_ivl_36", 2 0, L_0x5ee25ea3f9c0;  1 drivers
L_0x73844dc71180 .functor BUFT 1, C4<001>, C4<0>, C4<0>, C4<0>;
v0x5ee25ea39380_0 .net/2u *"_ivl_4", 2 0, L_0x73844dc71180;  1 drivers
v0x5ee25ea39460_0 .net *"_ivl_41", 0 0, L_0x5ee25ea3fc60;  1 drivers
v0x5ee25ea39540_0 .net *"_ivl_45", 0 0, L_0x5ee25ea3ff10;  1 drivers
v0x5ee25ea39620_0 .net *"_ivl_49", 0 0, L_0x5ee25ea405e0;  1 drivers
v0x5ee25ea39700_0 .net *"_ivl_50", 2 0, L_0x5ee25ea40680;  1 drivers
L_0x73844dc71378 .functor BUFT 1, C4<00>, C4<0>, C4<0>, C4<0>;
v0x5ee25ea397e0_0 .net *"_ivl_53", 1 0, L_0x73844dc71378;  1 drivers
v0x5ee25ea398c0_0 .net *"_ivl_54", 2 0, L_0x5ee25ea40860;  1 drivers
L_0x73844dc713c0 .functor BUFT 1, C4<00>, C4<0>, C4<0>, C4<0>;
v0x5ee25ea399a0_0 .net *"_ivl_57", 1 0, L_0x73844dc713c0;  1 drivers
v0x5ee25ea39a80_0 .net *"_ivl_6", 2 0, L_0x5ee25ea3efc0;  1 drivers
v0x5ee25ea39b60_0 .net "i", 185 0, v0x5ee25ea3a360_0;  alias, 1 drivers
v0x5ee25ea39c20_0 .net "new_1", 0 0, L_0x5ee25ea403c0;  1 drivers
v0x5ee25ea39cc0_0 .net "new_2", 0 0, L_0x5ee25ea3fd00;  1 drivers
v0x5ee25ea39d80_0 .net "new_3", 0 0, L_0x5ee25ea3fb00;  1 drivers
v0x5ee25ea39e40_0 .net "new_4", 0 0, L_0x5ee25ea3f7d0;  1 drivers
v0x5ee25ea39f00_0 .net "new_5", 0 0, L_0x5ee25ea3f470;  1 drivers
v0x5ee25ea39fc0_0 .net "new_6", 0 0, L_0x5ee25ea3f150;  1 drivers
v0x5ee25ea3a080_0 .net "o", 2 0, L_0x5ee25ea409a0;  alias, 1 drivers
L_0x5ee25ea3eed0 .part v0x5ee25ea3a360_0, 59, 1;
L_0x5ee25ea3efc0 .functor MUXZ 3, L_0x73844dc71180, L_0x73844dc71138, L_0x5ee25ea3eed0, C4<>;
L_0x5ee25ea3f150 .part L_0x5ee25ea3efc0, 0, 1;
L_0x5ee25ea3f240 .part v0x5ee25ea3a360_0, 155, 1;
L_0x5ee25ea3f2e0 .functor MUXZ 3, L_0x73844dc71210, L_0x73844dc711c8, L_0x5ee25ea3f240, C4<>;
L_0x5ee25ea3f470 .part L_0x5ee25ea3f2e0, 0, 1;
L_0x5ee25ea3f5a0 .part v0x5ee25ea3a360_0, 141, 1;
L_0x5ee25ea3f640 .functor MUXZ 3, L_0x73844dc712a0, L_0x73844dc71258, L_0x5ee25ea3f5a0, C4<>;
L_0x5ee25ea3f7d0 .part L_0x5ee25ea3f640, 0, 1;
L_0x5ee25ea3f8c0 .part v0x5ee25ea3a360_0, 139, 1;
L_0x5ee25ea3f9c0 .functor MUXZ 3, L_0x73844dc71330, L_0x73844dc712e8, L_0x5ee25ea3f8c0, C4<>;
L_0x5ee25ea3fb00 .part L_0x5ee25ea3f9c0, 0, 1;
L_0x5ee25ea3fc60 .part v0x5ee25ea3a360_0, 116, 1;
L_0x5ee25ea3fd00 .functor MUXZ 1, L_0x5ee25ea3f150, L_0x5ee25ea3f470, L_0x5ee25ea3fc60, C4<>;
L_0x5ee25ea3ff10 .part v0x5ee25ea3a360_0, 108, 1;
L_0x5ee25ea403c0 .functor MUXZ 1, L_0x5ee25ea3f7d0, L_0x5ee25ea3fb00, L_0x5ee25ea3ff10, C4<>;
L_0x5ee25ea405e0 .part v0x5ee25ea3a360_0, 86, 1;
L_0x5ee25ea40680 .concat [ 1 2 0 0], L_0x5ee25ea403c0, L_0x73844dc71378;
L_0x5ee25ea40860 .concat [ 1 2 0 0], L_0x5ee25ea3fd00, L_0x73844dc713c0;
L_0x5ee25ea409a0 .functor MUXZ 3, L_0x5ee25ea40860, L_0x5ee25ea40680, L_0x5ee25ea405e0, C4<>;
    .scope S_0x5ee25e9eae00;
T_0 ;
    %pushi/vec4 0, 0, 186;
    %store/vec4 v0x5ee25ea3a360_0, 0, 186;
    %pushi/vec4 0, 0, 32;
    %store/vec4 v0x5ee25ea3a7d0_0, 0, 32;
    %pushi/vec4 0, 0, 32;
    %store/vec4 v0x5ee25ea3aaf0_0, 0, 32;
    %pushi/vec4 0, 0, 1;
    %store/vec4 v0x5ee25ea3a1c0_0, 0, 1;
    %pushi/vec4 0, 0, 32;
    %store/vec4 v0x5ee25ea3a280_0, 0, 32;
T_0.0 ;
    %load/vec4 v0x5ee25ea3a280_0;
    %cmpi/s 2, 0, 32;
    %jmp/0xz T_0.1, 5;
    %pushi/vec4 0, 0, 32;
    %store/vec4 v0x5ee25ea3a400_0, 0, 32;
T_0.2 ;
    %load/vec4 v0x5ee25ea3a400_0;
    %cmpi/s 2, 0, 32;
    %jmp/0xz T_0.3, 5;
    %pushi/vec4 0, 0, 32;
    %store/vec4 v0x5ee25ea3a4e0_0, 0, 32;
T_0.4 ;
    %load/vec4 v0x5ee25ea3a4e0_0;
    %cmpi/s 2, 0, 32;
    %jmp/0xz T_0.5, 5;
    %pushi/vec4 0, 0, 32;
    %store/vec4 v0x5ee25ea3a610_0, 0, 32;
T_0.6 ;
    %load/vec4 v0x5ee25ea3a610_0;
    %cmpi/s 2, 0, 32;
    %jmp/0xz T_0.7, 5;
    %pushi/vec4 0, 0, 32;
    %store/vec4 v0x5ee25ea3a6f0_0, 0, 32;
T_0.8 ;
    %load/vec4 v0x5ee25ea3a6f0_0;
    %cmpi/s 2, 0, 32;
    %jmp/0xz T_0.9, 5;
    %pushi/vec4 0, 0, 32;
    %store/vec4 v0x5ee25ea3a8b0_0, 0, 32;
T_0.10 ;
    %load/vec4 v0x5ee25ea3a8b0_0;
    %cmpi/s 2, 0, 32;
    %jmp/0xz T_0.11, 5;
    %fork t_1, S_0x5ee25ea0e1f0;
    %jmp t_0;
    .scope S_0x5ee25ea0e1f0;
t_1 ;
    %pushi/vec4 0, 0, 32;
    %store/vec4 v0x5ee25ea0cb70_0, 0, 32;
T_0.12 ;
    %load/vec4 v0x5ee25ea0cb70_0;
    %cmpi/s 2, 0, 32;
    %jmp/0xz T_0.13, 5;
    %delay 100000, 0;
    %load/vec4 v0x5ee25ea3a280_0;
    %pad/s 1;
    %ix/load 4, 86, 0;
    %flag_set/imm 4, 0;
    %store/vec4 v0x5ee25ea3a360_0, 4, 1;
    %load/vec4 v0x5ee25ea3a400_0;
    %pad/s 1;
    %ix/load 4, 108, 0;
    %flag_set/imm 4, 0;
    %store/vec4 v0x5ee25ea3a360_0, 4, 1;
    %load/vec4 v0x5ee25ea3a4e0_0;
    %pad/s 1;
    %ix/load 4, 139, 0;
    %flag_set/imm 4, 0;
    %store/vec4 v0x5ee25ea3a360_0, 4, 1;
    %load/vec4 v0x5ee25ea3a610_0;
    %pad/s 1;
    %ix/load 4, 141, 0;
    %flag_set/imm 4, 0;
    %store/vec4 v0x5ee25ea3a360_0, 4, 1;
    %load/vec4 v0x5ee25ea3a6f0_0;
    %pad/s 1;
    %ix/load 4, 116, 0;
    %flag_set/imm 4, 0;
    %store/vec4 v0x5ee25ea3a360_0, 4, 1;
    %load/vec4 v0x5ee25ea3a8b0_0;
    %pad/s 1;
    %ix/load 4, 155, 0;
    %flag_set/imm 4, 0;
    %store/vec4 v0x5ee25ea3a360_0, 4, 1;
    %load/vec4 v0x5ee25ea0cb70_0;
    %pad/s 1;
    %ix/load 4, 59, 0;
    %flag_set/imm 4, 0;
    %store/vec4 v0x5ee25ea3a360_0, 4, 1;
    %delay 100000, 0;
    %load/vec4 v0x5ee25ea3a990_0;
    %load/vec4 v0x5ee25ea3aa50_0;
    %cmp/ne;
    %jmp/0xz  T_0.14, 6;
    %load/vec4 v0x5ee25ea3a7d0_0;
    %addi 1, 0, 32;
    %store/vec4 v0x5ee25ea3a7d0_0, 0, 32;
    %vpi_call 2 102 "$display", "MISMATCH! 86:%d, 108:%d, 139:%d, 141:%d, 116:%d, 155:%d, 59:%d | output_v1=%d, output_v2=%d", v0x5ee25ea3a280_0, v0x5ee25ea3a400_0, v0x5ee25ea3a4e0_0, v0x5ee25ea3a610_0, v0x5ee25ea3a6f0_0, v0x5ee25ea3a8b0_0, v0x5ee25ea0cb70_0, v0x5ee25ea3a990_0, v0x5ee25ea3aa50_0 {0 0 0};
T_0.14 ;
    %load/vec4 v0x5ee25ea3aaf0_0;
    %addi 1, 0, 32;
    %store/vec4 v0x5ee25ea3aaf0_0, 0, 32;
    %load/vec4 v0x5ee25ea0cb70_0;
    %addi 1, 0, 32;
    %store/vec4 v0x5ee25ea0cb70_0, 0, 32;
    %jmp T_0.12;
T_0.13 ;
    %end;
    .scope S_0x5ee25e9eae00;
t_0 %join;
    %load/vec4 v0x5ee25ea3a8b0_0;
    %addi 1, 0, 32;
    %store/vec4 v0x5ee25ea3a8b0_0, 0, 32;
    %jmp T_0.10;
T_0.11 ;
    %load/vec4 v0x5ee25ea3a6f0_0;
    %addi 1, 0, 32;
    %store/vec4 v0x5ee25ea3a6f0_0, 0, 32;
    %jmp T_0.8;
T_0.9 ;
    %load/vec4 v0x5ee25ea3a610_0;
    %addi 1, 0, 32;
    %store/vec4 v0x5ee25ea3a610_0, 0, 32;
    %jmp T_0.6;
T_0.7 ;
    %load/vec4 v0x5ee25ea3a4e0_0;
    %addi 1, 0, 32;
    %store/vec4 v0x5ee25ea3a4e0_0, 0, 32;
    %jmp T_0.4;
T_0.5 ;
    %load/vec4 v0x5ee25ea3a400_0;
    %addi 1, 0, 32;
    %store/vec4 v0x5ee25ea3a400_0, 0, 32;
    %jmp T_0.2;
T_0.3 ;
    %load/vec4 v0x5ee25ea3a280_0;
    %addi 1, 0, 32;
    %store/vec4 v0x5ee25ea3a280_0, 0, 32;
    %jmp T_0.0;
T_0.1 ;
    %vpi_call 2 116 "$display", "\012--- Test Summary ---" {0 0 0};
    %vpi_call 2 117 "$display", "Total tests: %d", v0x5ee25ea3aaf0_0 {0 0 0};
    %vpi_call 2 118 "$display", "Mismatches: %d", v0x5ee25ea3a7d0_0 {0 0 0};
    %load/vec4 v0x5ee25ea3aaf0_0;
    %load/vec4 v0x5ee25ea3a7d0_0;
    %sub;
    %cvt/rv/s;
    %pushi/real 1677721600, 4072; load=100.000
    %mul/wr;
    %load/vec4 v0x5ee25ea3aaf0_0;
    %cvt/rv/s;
    %div/wr;
    %vpi_call 2 119 "$display", "Match percentage: %0.2f%%", W<0,r> {0 1 0};
    %load/vec4 v0x5ee25ea3a7d0_0;
    %cmpi/e 0, 0, 32;
    %jmp/0xz  T_0.16, 4;
    %vpi_call 2 122 "$display", "TEST PASSED: Both implementations are functionally identical!" {0 0 0};
    %jmp T_0.17;
T_0.16 ;
    %vpi_call 2 124 "$display", "TEST FAILED: Implementations produce different results!" {0 0 0};
T_0.17 ;
    %vpi_call 2 126 "$finish" {0 0 0};
    %end;
    .thread T_0;
# The file index is used to find the file name in the following table.
:file_names 3;
    "N/A";
    "<interactive>";
    "debug_treelut.v";
